0 info it worked if it ends with ok
1 verbose cli [ '/usr/local/bin/node',
1 verbose cli   '/usr/local/bin/npm',
1 verbose cli   'run',
1 verbose cli   'back:watch' ]
2 info using npm@3.3.5
3 info using node@v4.1.1
4 verbose run-script [ 'preback:watch', 'back:watch', 'postback:watch' ]
5 info lifecycle dataviz@1.0.0~preback:watch: dataviz@1.0.0
6 silly lifecycle dataviz@1.0.0~preback:watch: no script for preback:watch, continuing
7 info lifecycle dataviz@1.0.0~back:watch: dataviz@1.0.0
8 verbose lifecycle dataviz@1.0.0~back:watch: unsafe-perm in lifecycle true
9 verbose lifecycle dataviz@1.0.0~back:watch: PATH: /usr/local/lib/node_modules/npm/bin/node-gyp-bin:/Users/Quentin/Desktop/DDI/projects/backbone-dataviz-workshop/dataviz/node_modules/.bin:/usr/local/lib/node_modules/npm/bin/node-gyp-bin:/Users/Quentin/Desktop/DDI/projects/backbone-dataviz-workshop/dataviz/node_modules/.bin:/Library/Frameworks/Python.framework/Versions/3.5/bin:/usr/local/bin:/usr/bin:/bin:/usr/sbin:/sbin
10 verbose lifecycle dataviz@1.0.0~back:watch: CWD: /Users/Quentin/Desktop/DDI/projects/backbone-dataviz-workshop/dataviz
11 silly lifecycle dataviz@1.0.0~back:watch: Args: [ '-c', 'watchify -d -t [ babelify ] ./index.js' ]
12 silly lifecycle dataviz@1.0.0~back:watch: Returned: code: 1  signal: null
13 info lifecycle dataviz@1.0.0~back:watch: Failed to exec back:watch script
14 verbose stack Error: dataviz@1.0.0 back:watch: `watchify -d -t [ babelify ] ./index.js`
14 verbose stack Exit status 1
14 verbose stack     at EventEmitter.<anonymous> (/usr/local/lib/node_modules/npm/lib/utils/lifecycle.js:233:16)
14 verbose stack     at emitTwo (events.js:87:13)
14 verbose stack     at EventEmitter.emit (events.js:172:7)
14 verbose stack     at ChildProcess.<anonymous> (/usr/local/lib/node_modules/npm/lib/utils/spawn.js:24:14)
14 verbose stack     at emitTwo (events.js:87:13)
14 verbose stack     at ChildProcess.emit (events.js:172:7)
14 verbose stack     at maybeClose (internal/child_process.js:817:16)
14 verbose stack     at Process.ChildProcess._handle.onexit (internal/child_process.js:211:5)
15 verbose pkgid dataviz@1.0.0
16 verbose cwd /Users/Quentin/Desktop/DDI/projects/backbone-dataviz-workshop/dataviz
17 error Darwin 15.4.0
18 error argv "/usr/local/bin/node" "/usr/local/bin/npm" "run" "back:watch"
19 error node v4.1.1
20 error npm  v3.3.5
21 error code ELIFECYCLE
22 error dataviz@1.0.0 back:watch: `watchify -d -t [ babelify ] ./index.js`
22 error Exit status 1
23 error Failed at the dataviz@1.0.0 back:watch script 'watchify -d -t [ babelify ] ./index.js'.
23 error This is most likely a problem with the dataviz package,
23 error not with npm itself.
23 error Tell the author that this fails on your system:
23 error     watchify -d -t [ babelify ] ./index.js
23 error You can get their info via:
23 error     npm owner ls dataviz
23 error There is likely additional logging output above.
24 verbose exit [ 1, true ]
